<?xml version="1.0" encoding="UTF-8"?>
<!-- Generated by org.testng.reporters.JUnitReportReporter -->
<testsuite hostname="DESKTOP-DB3R0BH" name="com.tests.BasicExecution" tests="1" failures="0" timestamp="19 Apr 2019 16:15:25 GMT" time="102.190" errors="0">
  <testcase name="BasicFlow" time="102.190" classname="com.tests.BasicExecution"/>
</testsuite> <!-- com.tests.BasicExecution -->
